<?xml version="1.0" encoding="UTF-8"?>
<testng-results skipped="0" failed="0" total="1" passed="1">
  <reporter-output>
  </reporter-output>
  <suite name="Default suite" duration-ms="30553" started-at="2018-02-12T10:21:58Z" finished-at="2018-02-12T10:22:29Z">
    <groups>
    </groups>
    <test name="Default test" duration-ms="30553" started-at="2018-02-12T10:21:58Z" finished-at="2018-02-12T10:22:29Z">
      <class name="com.dexiter.test.smoke.TestLogin">
        <test-method status="PASS" signature="preCondition()[pri:0, instance:com.dexiter.test.smoke.TestLogin@1e397ed7]" name="preCondition" is-config="true" duration-ms="26978" started-at="2018-02-12T15:51:58Z" finished-at="2018-02-12T15:52:25Z">
          <reporter-output>
          </reporter-output>
        </test-method> <!-- preCondition -->
        <test-method status="PASS" signature="testLoginInvalidC77896()[pri:0, instance:com.dexiter.test.smoke.TestLogin@1e397ed7]" name="testLoginInvalidC77896" duration-ms="1784" started-at="2018-02-12T15:52:25Z" finished-at="2018-02-12T15:52:27Z">
          <reporter-output>
          </reporter-output>
        </test-method> <!-- testLoginInvalidC77896 -->
        <test-method status="PASS" signature="postCondition()[pri:0, instance:com.dexiter.test.smoke.TestLogin@1e397ed7]" name="postCondition" is-config="true" duration-ms="1750" started-at="2018-02-12T15:52:27Z" finished-at="2018-02-12T15:52:29Z">
          <reporter-output>
          </reporter-output>
        </test-method> <!-- postCondition -->
      </class> <!-- com.dexiter.test.smoke.TestLogin -->
    </test> <!-- Default test -->
  </suite> <!-- Default suite -->
</testng-results>
